start shutdown at [Tue, Oct 13, 2020  3:27:00 PM]
shutdown done at [Tue, Oct 13, 2020  3:27:08 PM]
Terminating done at [Tue, Oct 13, 2020  3:28:13 PM]
startup at [Tue, Oct 13, 2020  3:37:00 PM]
startup done at [Tue, Oct 13, 2020  3:37:04 PM]
all kafka running at [Tue, Oct 13, 2020  3:39:00 PM]
start shutdown at [Tue, Oct 13, 2020  4:09:00 PM]
shutdown done at [Tue, Oct 13, 2020  4:09:09 PM]
Terminating done at [Tue, Oct 13, 2020  4:10:11 PM]
startup at [Tue, Oct 13, 2020  4:14:00 PM]
startup done at [Tue, Oct 13, 2020  4:14:05 PM]
all kafka running at [Tue, Oct 13, 2020  4:16:12 PM]
start shutdown at [Tue, Oct 13, 2020  5:03:00 PM]
shutdown done at [Tue, Oct 13, 2020  5:03:05 PM]
Terminating done at [Tue, Oct 13, 2020  5:03:39 PM]
startup at [Tue, Oct 13, 2020  5:08:00 PM]
startup done at [Tue, Oct 13, 2020  5:08:04 PM]
all kafka running at [Tue, Oct 13, 2020  5:10:31 PM]
start shutdown at [Tue, Oct 13, 2020  5:30:00 PM]
shutdown done at [Tue, Oct 13, 2020  5:30:05 PM]
Terminating done at [Tue, Oct 13, 2020  5:30:37 PM]
startup at [Tue, Oct 13, 2020  5:36:00 PM]
startup done at [Tue, Oct 13, 2020  5:36:04 PM]
all kafka running at [Tue, Oct 13, 2020  5:38:10 PM]
